# JRE version: OpenJDK Runtime Environment (8.0_222-b10) (build 1.8.0_222-8u222-b10-1ubuntu1~18.04.1-b10)
# Java VM: OpenJDK 64-Bit Server VM (25.222-b10 mixed mode linux-amd64 compressed oops)
Heap:
 PSYoungGen      total 121856K, used 6408K [0x00000000e0000000, 0x00000000e8300000, 0x0000000100000000)
  eden space 110592K, 0% used [0x00000000e0000000,0x00000000e0000000,0x00000000e6c00000)
  from space 11264K, 56% used [0x00000000e7800000,0x00000000e7e422c0,0x00000000e8300000)
  to   space 11264K, 0% used [0x00000000e6c00000,0x00000000e6c00000,0x00000000e7700000)
 ParOldGen       total 30720K, used 14205K [0x00000000a0000000, 0x00000000a1e00000, 0x00000000e0000000)
  object space 30720K, 46% used [0x00000000a0000000,0x00000000a0ddf668,0x00000000a1e00000)
 Metaspace       used 54269K, capacity 54782K, committed 54960K, reserved 1095680K
  class space    used 9433K, capacity 9577K, committed 9648K, reserved 1048576K
GC Heap History (10 events):
Event: 105.379 GC heap after
Heap after GC invocations=17 (full 2):
 PSYoungGen      total 104960K, used 5697K [0x00000000e0000000, 0x00000000e8100000, 0x0000000100000000)
  eden space 94720K, 0% used [0x00000000e0000000,0x00000000e0000000,0x00000000e5c80000)
  from space 10240K, 55% used [0x00000000e5c80000,0x00000000e6210690,0x00000000e6680000)
  to   space 10240K, 0% used [0x00000000e7700000,0x00000000e7700000,0x00000000e8100000)
 ParOldGen       total 30720K, used 18431K [0x00000000a0000000, 0x00000000a1e00000, 0x00000000e0000000)
  object space 30720K, 59% used [0x00000000a0000000,0x00000000a11ffc00,0x00000000a1e00000)
 Metaspace       used 51344K, capacity 51878K, committed 52144K, reserved 1093632K
  class space    used 8753K, capacity 8865K, committed 8880K, reserved 1048576K
}
Event: 155.780 GC heap before
{Heap before GC invocations=18 (full 2):
 PSYoungGen      total 104960K, used 74862K [0x00000000e0000000, 0x00000000e8100000, 0x0000000100000000)
  eden space 94720K, 73% used [0x00000000e0000000,0x00000000e438b2b0,0x00000000e5c80000)
  from space 10240K, 55% used [0x00000000e5c80000,0x00000000e6210690,0x00000000e6680000)
  to   space 10240K, 0% used [0x00000000e7700000,0x00000000e7700000,0x00000000e8100000)
 ParOldGen       total 30720K, used 18431K [0x00000000a0000000, 0x00000000a1e00000, 0x00000000e0000000)
  object space 30720K, 59% used [0x00000000a0000000,0x00000000a11ffc00,0x00000000a1e00000)
 Metaspace       used 53270K, capacity 53702K, committed 53936K, reserved 1093632K
  class space    used 9225K, capacity 9345K, committed 9392K, reserved 1048576K
Event: 156.836 GC heap after
Heap after GC invocations=18 (full 2):
 PSYoungGen      total 120832K, used 8265K [0x00000000e0000000, 0x00000000e8300000, 0x0000000100000000)
  eden space 110592K, 0% used [0x00000000e0000000,0x00000000e0000000,0x00000000e6c00000)
  from space 10240K, 80% used [0x00000000e7700000,0x00000000e7f12508,0x00000000e8100000)
  to   space 11264K, 0% used [0x00000000e6c00000,0x00000000e6c00000,0x00000000e7700000)
 ParOldGen       total 30720K, used 18439K [0x00000000a0000000, 0x00000000a1e00000, 0x00000000e0000000)
  object space 30720K, 60% used [0x00000000a0000000,0x00000000a1201c00,0x00000000a1e00000)
 Metaspace       used 53270K, capacity 53702K, committed 53936K, reserved 1093632K
  class space    used 9225K, capacity 9345K, committed 9392K, reserved 1048576K
}
Event: 156.836 GC heap before
{Heap before GC invocations=19 (full 3):
 PSYoungGen      total 120832K, used 8265K [0x00000000e0000000, 0x00000000e8300000, 0x0000000100000000)
  eden space 110592K, 0% used [0x00000000e0000000,0x00000000e0000000,0x00000000e6c00000)
  from space 10240K, 80% used [0x00000000e7700000,0x00000000e7f12508,0x00000000e8100000)
  to   space 11264K, 0% used [0x00000000e6c00000,0x00000000e6c00000,0x00000000e7700000)
 ParOldGen       total 30720K, used 18439K [0x00000000a0000000, 0x00000000a1e00000, 0x00000000e0000000)
  object space 30720K, 60% used [0x00000000a0000000,0x00000000a1201c00,0x00000000a1e00000)
 Metaspace       used 53270K, capacity 53702K, committed 53936K, reserved 1093632K
  class space    used 9225K, capacity 9345K, committed 9392K, reserved 1048576K
Event: 160.281 GC heap after
Heap after GC invocations=19 (full 3):
 PSYoungGen      total 120832K, used 0K [0x00000000e0000000, 0x00000000e8300000, 0x0000000100000000)
  eden space 110592K, 0% used [0x00000000e0000000,0x00000000e0000000,0x00000000e6c00000)
  from space 10240K, 0% used [0x00000000e7700000,0x00000000e7700000,0x00000000e8100000)
  to   space 11264K, 0% used [0x00000000e6c00000,0x00000000e6c00000,0x00000000e7700000)
 ParOldGen       total 30720K, used 17663K [0x00000000a0000000, 0x00000000a1e00000, 0x00000000e0000000)
  object space 30720K, 57% used [0x00000000a0000000,0x00000000a113fd78,0x00000000a1e00000)
 Metaspace       used 53270K, capacity 53702K, committed 53936K, reserved 1093632K
  class space    used 9225K, capacity 9345K, committed 9392K, reserved 1048576K
}
Event: 160.329 GC heap before
{Heap before GC invocations=20 (full 3):
 PSYoungGen      total 120832K, used 2233K [0x00000000e0000000, 0x00000000e8300000, 0x0000000100000000)
  eden space 110592K, 2% used [0x00000000e0000000,0x00000000e022e7d0,0x00000000e6c00000)
  from space 10240K, 0% used [0x00000000e7700000,0x00000000e7700000,0x00000000e8100000)
  to   space 11264K, 0% used [0x00000000e6c00000,0x00000000e6c00000,0x00000000e7700000)
 ParOldGen       total 30720K, used 17663K [0x00000000a0000000, 0x00000000a1e00000, 0x00000000e0000000)
  object space 30720K, 57% used [0x00000000a0000000,0x00000000a113fd78,0x00000000a1e00000)
 Metaspace       used 53272K, capacity 53702K, committed 53936K, reserved 1093632K
  class space    used 9226K, capacity 9345K, committed 9392K, reserved 1048576K
Event: 160.335 GC heap after
Heap after GC invocations=20 (full 3):
 PSYoungGen      total 121856K, used 64K [0x00000000e0000000, 0x00000000e8300000, 0x0000000100000000)
  eden space 110592K, 0% used [0x00000000e0000000,0x00000000e0000000,0x00000000e6c00000)
  from space 11264K, 0% used [0x00000000e6c00000,0x00000000e6c10000,0x00000000e7700000)
  to   space 11264K, 0% used [0x00000000e7800000,0x00000000e7800000,0x00000000e8300000)
 ParOldGen       total 30720K, used 17663K [0x00000000a0000000, 0x00000000a1e00000, 0x00000000e0000000)
  object space 30720K, 57% used [0x00000000a0000000,0x00000000a113fd78,0x00000000a1e00000)
 Metaspace       used 53272K, capacity 53702K, committed 53936K, reserved 1093632K
  class space    used 9226K, capacity 9345K, committed 9392K, reserved 1048576K
}
Event: 160.335 GC heap before
{Heap before GC invocations=21 (full 4):
 PSYoungGen      total 121856K, used 64K [0x00000000e0000000, 0x00000000e8300000, 0x0000000100000000)
  eden space 110592K, 0% used [0x00000000e0000000,0x00000000e0000000,0x00000000e6c00000)
  from space 11264K, 0% used [0x00000000e6c00000,0x00000000e6c10000,0x00000000e7700000)
  to   space 11264K, 0% used [0x00000000e7800000,0x00000000e7800000,0x00000000e8300000)
 ParOldGen       total 30720K, used 17663K [0x00000000a0000000, 0x00000000a1e00000, 0x00000000e0000000)
  object space 30720K, 57% used [0x00000000a0000000,0x00000000a113fd78,0x00000000a1e00000)
 Metaspace       used 53272K, capacity 53702K, committed 53936K, reserved 1093632K
  class space    used 9226K, capacity 9345K, committed 9392K, reserved 1048576K
Event: 160.739 GC heap after
Heap after GC invocations=21 (full 4):
 PSYoungGen      total 121856K, used 0K [0x00000000e0000000, 0x00000000e8300000, 0x0000000100000000)
  eden space 110592K, 0% used [0x00000000e0000000,0x00000000e0000000,0x00000000e6c00000)
  from space 11264K, 0% used [0x00000000e6c00000,0x00000000e6c00000,0x00000000e7700000)
  to   space 11264K, 0% used [0x00000000e7800000,0x00000000e7800000,0x00000000e8300000)
 ParOldGen       total 30720K, used 14197K [0x00000000a0000000, 0x00000000a1e00000, 0x00000000e0000000)
  object space 30720K, 46% used [0x00000000a0000000,0x00000000a0ddd668,0x00000000a1e00000)
 Metaspace       used 53272K, capacity 53702K, committed 53936K, reserved 1093632K
  class space    used 9226K, capacity 9345K, committed 9392K, reserved 1048576K
}
Event: 172.665 GC heap before
{Heap before GC invocations=22 (full 4):
 PSYoungGen      total 121856K, used 110592K [0x00000000e0000000, 0x00000000e8300000, 0x0000000100000000)
  eden space 110592K, 100% used [0x00000000e0000000,0x00000000e6c00000,0x00000000e6c00000)
  from space 11264K, 0% used [0x00000000e6c00000,0x00000000e6c00000,0x00000000e7700000)
  to   space 11264K, 0% used [0x00000000e7800000,0x00000000e7800000,0x00000000e8300000)
 ParOldGen       total 30720K, used 14197K [0x00000000a0000000, 0x00000000a1e00000, 0x00000000e0000000)
  object space 30720K, 46% used [0x00000000a0000000,0x00000000a0ddd668,0x00000000a1e00000)
 Metaspace       used 54269K, capacity 54782K, committed 54960K, reserved 1095680K
  class space    used 9433K, capacity 9577K, committed 9648K, reserved 1048576K

